2026-06-26T18:52:35.003-04:00  INFO 12532 --- [reporte] [main] com.urbano.reporte.ReporteApplication    : Starting ReporteApplication using Java 21.0.11 with PID 12532 (C:\Users\Andrés\Downloads\urbano_evaluacion_parcial3_FINAL\reporte\target\classes started by Andrés in C:\Users\Andrés\Downloads\urbano_evaluacion_parcial3_FINAL)
2026-06-26T18:52:35.006-04:00 DEBUG 12532 --- [reporte] [main] com.urbano.reporte.ReporteApplication    : Running with Spring Boot v3.4.5, Spring v6.2.6
2026-06-26T18:52:35.007-04:00  INFO 12532 --- [reporte] [main] com.urbano.reporte.ReporteApplication    : The following 1 profile is active: "dev"
2026-06-26T18:52:36.381-04:00  INFO 12532 --- [reporte] [main] .s.d.r.c.RepositoryConfigurationDelegate : Bootstrapping Spring Data JPA repositories in DEFAULT mode.
2026-06-26T18:52:36.614-04:00  INFO 12532 --- [reporte] [main] .s.d.r.c.RepositoryConfigurationDelegate : Finished Spring Data repository scanning in 219 ms. Found 1 JPA repository interface.
2026-06-26T18:52:37.512-04:00  INFO 12532 --- [reporte] [main] o.s.b.w.embedded.tomcat.TomcatWebServer  : Tomcat initialized with port 8094 (http)
2026-06-26T18:52:37.537-04:00  INFO 12532 --- [reporte] [main] o.apache.catalina.core.StandardService   : Starting service [Tomcat]
2026-06-26T18:52:37.538-04:00  INFO 12532 --- [reporte] [main] o.apache.catalina.core.StandardEngine    : Starting Servlet engine: [Apache Tomcat/10.1.40]
2026-06-26T18:52:37.637-04:00  INFO 12532 --- [reporte] [main] o.a.c.c.C.[Tomcat].[localhost].[/]       : Initializing Spring embedded WebApplicationContext
2026-06-26T18:52:37.638-04:00  INFO 12532 --- [reporte] [main] w.s.c.ServletWebServerApplicationContext : Root WebApplicationContext: initialization completed in 2562 ms
2026-06-26T18:52:37.883-04:00  INFO 12532 --- [reporte] [main] o.hibernate.jpa.internal.util.LogHelper  : HHH000204: Processing PersistenceUnitInfo [name: default]
2026-06-26T18:52:37.996-04:00  INFO 12532 --- [reporte] [main] org.hibernate.Version                    : HHH000412: Hibernate ORM core version 6.6.13.Final
2026-06-26T18:52:38.045-04:00  INFO 12532 --- [reporte] [main] o.h.c.internal.RegionFactoryInitiator    : HHH000026: Second-level cache disabled
2026-06-26T18:52:38.485-04:00  INFO 12532 --- [reporte] [main] o.s.o.j.p.SpringPersistenceUnitInfo      : No LoadTimeWeaver setup: ignoring JPA class transformer
2026-06-26T18:52:38.520-04:00  INFO 12532 --- [reporte] [main] com.zaxxer.hikari.HikariDataSource       : HikariPool-1 - Starting...
2026-06-26T18:52:38.964-04:00  INFO 12532 --- [reporte] [main] com.zaxxer.hikari.pool.HikariPool        : HikariPool-1 - Added connection com.mysql.cj.jdbc.ConnectionImpl@2095c331
2026-06-26T18:52:38.966-04:00  INFO 12532 --- [reporte] [main] com.zaxxer.hikari.HikariDataSource       : HikariPool-1 - Start completed.
2026-06-26T18:52:39.020-04:00  WARN 12532 --- [reporte] [main] org.hibernate.orm.deprecation            : HHH90000025: MySQL8Dialect does not need to be specified explicitly using 'hibernate.dialect' (remove the property setting and it will be selected by default)
2026-06-26T18:52:39.021-04:00  WARN 12532 --- [reporte] [main] org.hibernate.orm.deprecation            : HHH90000026: MySQL8Dialect has been deprecated; use org.hibernate.dialect.MySQLDialect instead
2026-06-26T18:52:39.046-04:00  INFO 12532 --- [reporte] [main] org.hibernate.orm.connections.pooling    : HHH10001005: Database info:
	Database JDBC URL [Connecting through datasource 'HikariDataSource (HikariPool-1)']
	Database driver: undefined/unknown
	Database version: 8.0
	Autocommit mode: undefined/unknown
	Isolation level: undefined/unknown
	Minimum pool size: undefined/unknown
	Maximum pool size: undefined/unknown
2026-06-26T18:52:40.045-04:00  INFO 12532 --- [reporte] [main] o.h.e.t.j.p.i.JtaPlatformInitiator       : HHH000489: No JTA platform available (set 'hibernate.transaction.jta.platform' to enable JTA platform integration)
2026-06-26T18:52:40.098-04:00  INFO 12532 --- [reporte] [main] j.LocalContainerEntityManagerFactoryBean : Initialized JPA EntityManagerFactory for persistence unit 'default'
2026-06-26T18:52:40.562-04:00  WARN 12532 --- [reporte] [main] JpaBaseConfiguration$JpaWebConfiguration : spring.jpa.open-in-view is enabled by default. Therefore, database queries may be performed during view rendering. Explicitly configure spring.jpa.open-in-view to disable this warning
2026-06-26T18:52:41.109-04:00  INFO 12532 --- [reporte] [main] o.s.b.w.embedded.tomcat.TomcatWebServer  : Tomcat started on port 8094 (http) with context path '/'
2026-06-26T18:52:41.118-04:00  INFO 12532 --- [reporte] [main] com.urbano.reporte.ReporteApplication    : Started ReporteApplication in 7.019 seconds (process running for 8.729)
