2026-06-26T18:49:37.926-04:00  INFO 3784 --- [promocion] [main] c.urbano.promocion.PromocionApplication  : Starting PromocionApplication using Java 21.0.11 with PID 3784 (C:\Users\Andrés\Downloads\urbano_evaluacion_parcial3_FINAL\promocion\target\classes started by Andrés in C:\Users\Andrés\Downloads\urbano_evaluacion_parcial3_FINAL)
2026-06-26T18:49:37.930-04:00 DEBUG 3784 --- [promocion] [main] c.urbano.promocion.PromocionApplication  : Running with Spring Boot v3.4.5, Spring v6.2.6
2026-06-26T18:49:37.931-04:00  INFO 3784 --- [promocion] [main] c.urbano.promocion.PromocionApplication  : The following 1 profile is active: "dev"
2026-06-26T18:49:39.204-04:00  INFO 3784 --- [promocion] [main] .s.d.r.c.RepositoryConfigurationDelegate : Bootstrapping Spring Data JPA repositories in DEFAULT mode.
2026-06-26T18:49:39.446-04:00  INFO 3784 --- [promocion] [main] .s.d.r.c.RepositoryConfigurationDelegate : Finished Spring Data repository scanning in 228 ms. Found 2 JPA repository interfaces.
2026-06-26T18:49:40.251-04:00  INFO 3784 --- [promocion] [main] o.s.b.w.embedded.tomcat.TomcatWebServer  : Tomcat initialized with port 8086 (http)
2026-06-26T18:49:40.275-04:00  INFO 3784 --- [promocion] [main] o.apache.catalina.core.StandardService   : Starting service [Tomcat]
2026-06-26T18:49:40.275-04:00  INFO 3784 --- [promocion] [main] o.apache.catalina.core.StandardEngine    : Starting Servlet engine: [Apache Tomcat/10.1.40]
2026-06-26T18:49:40.365-04:00  INFO 3784 --- [promocion] [main] o.a.c.c.C.[Tomcat].[localhost].[/]       : Initializing Spring embedded WebApplicationContext
2026-06-26T18:49:40.366-04:00  INFO 3784 --- [promocion] [main] w.s.c.ServletWebServerApplicationContext : Root WebApplicationContext: initialization completed in 2376 ms
2026-06-26T18:49:40.578-04:00  INFO 3784 --- [promocion] [main] o.hibernate.jpa.internal.util.LogHelper  : HHH000204: Processing PersistenceUnitInfo [name: default]
2026-06-26T18:49:40.641-04:00  INFO 3784 --- [promocion] [main] org.hibernate.Version                    : HHH000412: Hibernate ORM core version 6.6.13.Final
2026-06-26T18:49:40.674-04:00  INFO 3784 --- [promocion] [main] o.h.c.internal.RegionFactoryInitiator    : HHH000026: Second-level cache disabled
2026-06-26T18:49:40.969-04:00  INFO 3784 --- [promocion] [main] o.s.o.j.p.SpringPersistenceUnitInfo      : No LoadTimeWeaver setup: ignoring JPA class transformer
2026-06-26T18:49:40.999-04:00  INFO 3784 --- [promocion] [main] com.zaxxer.hikari.HikariDataSource       : HikariPool-1 - Starting...
2026-06-26T18:49:41.339-04:00  INFO 3784 --- [promocion] [main] com.zaxxer.hikari.pool.HikariPool        : HikariPool-1 - Added connection com.mysql.cj.jdbc.ConnectionImpl@774c5e5c
2026-06-26T18:49:41.341-04:00  INFO 3784 --- [promocion] [main] com.zaxxer.hikari.HikariDataSource       : HikariPool-1 - Start completed.
2026-06-26T18:49:41.387-04:00  WARN 3784 --- [promocion] [main] org.hibernate.orm.deprecation            : HHH90000025: MySQL8Dialect does not need to be specified explicitly using 'hibernate.dialect' (remove the property setting and it will be selected by default)
2026-06-26T18:49:41.389-04:00  WARN 3784 --- [promocion] [main] org.hibernate.orm.deprecation            : HHH90000026: MySQL8Dialect has been deprecated; use org.hibernate.dialect.MySQLDialect instead
2026-06-26T18:49:41.406-04:00  INFO 3784 --- [promocion] [main] org.hibernate.orm.connections.pooling    : HHH10001005: Database info:
	Database JDBC URL [Connecting through datasource 'HikariDataSource (HikariPool-1)']
	Database driver: undefined/unknown
	Database version: 8.0
	Autocommit mode: undefined/unknown
	Isolation level: undefined/unknown
	Minimum pool size: undefined/unknown
	Maximum pool size: undefined/unknown
2026-06-26T18:49:42.470-04:00  INFO 3784 --- [promocion] [main] o.h.e.t.j.p.i.JtaPlatformInitiator       : HHH000489: No JTA platform available (set 'hibernate.transaction.jta.platform' to enable JTA platform integration)
2026-06-26T18:49:42.521-04:00  INFO 3784 --- [promocion] [main] j.LocalContainerEntityManagerFactoryBean : Initialized JPA EntityManagerFactory for persistence unit 'default'
2026-06-26T18:49:43.000-04:00  WARN 3784 --- [promocion] [main] JpaBaseConfiguration$JpaWebConfiguration : spring.jpa.open-in-view is enabled by default. Therefore, database queries may be performed during view rendering. Explicitly configure spring.jpa.open-in-view to disable this warning
2026-06-26T18:49:43.556-04:00  INFO 3784 --- [promocion] [main] o.s.b.w.embedded.tomcat.TomcatWebServer  : Tomcat started on port 8086 (http) with context path '/'
2026-06-26T18:49:43.564-04:00  INFO 3784 --- [promocion] [main] c.urbano.promocion.PromocionApplication  : Started PromocionApplication in 6.449 seconds (process running for 7.769)
