2026-06-26T18:48:03.193-04:00  INFO 3780 --- [cliente] [main] com.urbano.cliente.ClienteApplication    : Starting ClienteApplication using Java 21.0.11 with PID 3780 (C:\Users\Andrés\Downloads\urbano_evaluacion_parcial3_FINAL\cliente\target\classes started by Andrés in C:\Users\Andrés\Downloads\urbano_evaluacion_parcial3_FINAL)
2026-06-26T18:48:03.196-04:00 DEBUG 3780 --- [cliente] [main] com.urbano.cliente.ClienteApplication    : Running with Spring Boot v3.4.5, Spring v6.2.6
2026-06-26T18:48:03.197-04:00  INFO 3780 --- [cliente] [main] com.urbano.cliente.ClienteApplication    : The following 1 profile is active: "dev"
2026-06-26T18:48:04.776-04:00  INFO 3780 --- [cliente] [main] .s.d.r.c.RepositoryConfigurationDelegate : Bootstrapping Spring Data JPA repositories in DEFAULT mode.
2026-06-26T18:48:05.033-04:00  INFO 3780 --- [cliente] [main] .s.d.r.c.RepositoryConfigurationDelegate : Finished Spring Data repository scanning in 240 ms. Found 1 JPA repository interface.
2026-06-26T18:48:05.847-04:00  INFO 3780 --- [cliente] [main] o.s.b.w.embedded.tomcat.TomcatWebServer  : Tomcat initialized with port 8082 (http)
2026-06-26T18:48:05.870-04:00  INFO 3780 --- [cliente] [main] o.apache.catalina.core.StandardService   : Starting service [Tomcat]
2026-06-26T18:48:05.871-04:00  INFO 3780 --- [cliente] [main] o.apache.catalina.core.StandardEngine    : Starting Servlet engine: [Apache Tomcat/10.1.40]
2026-06-26T18:48:05.966-04:00  INFO 3780 --- [cliente] [main] o.a.c.c.C.[Tomcat].[localhost].[/]       : Initializing Spring embedded WebApplicationContext
2026-06-26T18:48:05.966-04:00  INFO 3780 --- [cliente] [main] w.s.c.ServletWebServerApplicationContext : Root WebApplicationContext: initialization completed in 2703 ms
2026-06-26T18:48:06.182-04:00  INFO 3780 --- [cliente] [main] o.hibernate.jpa.internal.util.LogHelper  : HHH000204: Processing PersistenceUnitInfo [name: default]
2026-06-26T18:48:06.279-04:00  INFO 3780 --- [cliente] [main] org.hibernate.Version                    : HHH000412: Hibernate ORM core version 6.6.13.Final
2026-06-26T18:48:06.324-04:00  INFO 3780 --- [cliente] [main] o.h.c.internal.RegionFactoryInitiator    : HHH000026: Second-level cache disabled
2026-06-26T18:48:06.741-04:00  INFO 3780 --- [cliente] [main] o.s.o.j.p.SpringPersistenceUnitInfo      : No LoadTimeWeaver setup: ignoring JPA class transformer
2026-06-26T18:48:06.787-04:00  INFO 3780 --- [cliente] [main] com.zaxxer.hikari.HikariDataSource       : HikariPool-1 - Starting...
2026-06-26T18:48:07.153-04:00  INFO 3780 --- [cliente] [main] com.zaxxer.hikari.pool.HikariPool        : HikariPool-1 - Added connection com.mysql.cj.jdbc.ConnectionImpl@d271a54
2026-06-26T18:48:07.155-04:00  INFO 3780 --- [cliente] [main] com.zaxxer.hikari.HikariDataSource       : HikariPool-1 - Start completed.
2026-06-26T18:48:07.201-04:00  WARN 3780 --- [cliente] [main] org.hibernate.orm.deprecation            : HHH90000025: MySQL8Dialect does not need to be specified explicitly using 'hibernate.dialect' (remove the property setting and it will be selected by default)
2026-06-26T18:48:07.202-04:00  WARN 3780 --- [cliente] [main] org.hibernate.orm.deprecation            : HHH90000026: MySQL8Dialect has been deprecated; use org.hibernate.dialect.MySQLDialect instead
2026-06-26T18:48:07.218-04:00  INFO 3780 --- [cliente] [main] org.hibernate.orm.connections.pooling    : HHH10001005: Database info:
	Database JDBC URL [Connecting through datasource 'HikariDataSource (HikariPool-1)']
	Database driver: undefined/unknown
	Database version: 8.0
	Autocommit mode: undefined/unknown
	Isolation level: undefined/unknown
	Minimum pool size: undefined/unknown
	Maximum pool size: undefined/unknown
2026-06-26T18:48:08.104-04:00  INFO 3780 --- [cliente] [main] o.h.e.t.j.p.i.JtaPlatformInitiator       : HHH000489: No JTA platform available (set 'hibernate.transaction.jta.platform' to enable JTA platform integration)
2026-06-26T18:48:08.157-04:00  INFO 3780 --- [cliente] [main] j.LocalContainerEntityManagerFactoryBean : Initialized JPA EntityManagerFactory for persistence unit 'default'
2026-06-26T18:48:08.641-04:00  WARN 3780 --- [cliente] [main] JpaBaseConfiguration$JpaWebConfiguration : spring.jpa.open-in-view is enabled by default. Therefore, database queries may be performed during view rendering. Explicitly configure spring.jpa.open-in-view to disable this warning
2026-06-26T18:48:09.191-04:00  INFO 3780 --- [cliente] [main] o.s.b.w.embedded.tomcat.TomcatWebServer  : Tomcat started on port 8082 (http) with context path '/'
2026-06-26T18:48:09.200-04:00  INFO 3780 --- [cliente] [main] com.urbano.cliente.ClienteApplication    : Started ClienteApplication in 7.045 seconds (process running for 8.008)
2026-06-26T19:00:23.357-04:00  INFO 3780 --- [cliente] [http-nio-8082-exec-2] o.a.c.c.C.[Tomcat].[localhost].[/]       : Initializing Spring DispatcherServlet 'dispatcherServlet'
2026-06-26T19:00:23.378-04:00  INFO 3780 --- [cliente] [http-nio-8082-exec-2] o.s.web.servlet.DispatcherServlet        : Initializing Servlet 'dispatcherServlet'
2026-06-26T19:00:23.540-04:00  INFO 3780 --- [cliente] [http-nio-8082-exec-2] o.s.web.servlet.DispatcherServlet        : Completed initialization in 157 ms
2026-06-26T19:00:24.812-04:00  INFO 3780 --- [cliente] [http-nio-8082-exec-2] c.urbano.cliente.service.ClienteService  : Creando cliente correo: ana@urbano.cl
2026-06-26T19:00:25.596-04:00  INFO 3780 --- [cliente] [http-nio-8082-exec-2] c.urbano.cliente.service.ClienteService  : Cliente creado id: 1
2026-06-26T19:34:42.609-04:00  INFO 3780 --- [cliente] [http-nio-8082-exec-3] c.urbano.cliente.service.ClienteService  : Listando clientes
2026-06-26T19:47:02.372-04:00  INFO 3780 --- [cliente] [http-nio-8082-exec-5] c.urbano.cliente.service.ClienteService  : Listando clientes
2026-06-26T21:50:41.897-04:00  INFO 3780 --- [cliente] [http-nio-8082-exec-7] c.urbano.cliente.service.ClienteService  : Listando clientes
2026-06-26T22:14:42.083-04:00  INFO 3780 --- [cliente] [http-nio-8082-exec-9] c.urbano.cliente.service.ClienteService  : Listando clientes
2026-06-26T22:16:55.021-04:00  INFO 3780 --- [cliente] [http-nio-8082-exec-2] c.urbano.cliente.service.ClienteService  : Listando clientes
2026-06-26T22:17:59.008-04:00  INFO 3780 --- [cliente] [http-nio-8082-exec-3] c.urbano.cliente.service.ClienteService  : Listando clientes
2026-06-26T22:20:58.995-04:00  INFO 3780 --- [cliente] [http-nio-8082-exec-5] c.urbano.cliente.service.ClienteService  : Creando cliente correo: jpsaez@urbano.cl
2026-06-26T22:20:59.188-04:00  INFO 3780 --- [cliente] [http-nio-8082-exec-5] c.urbano.cliente.service.ClienteService  : Cliente creado id: 2
2026-06-26T22:36:38.026-04:00  INFO 3780 --- [cliente] [http-nio-8082-exec-2] c.urbano.cliente.service.ClienteService  : Listando clientes
2026-06-26T22:43:16.273-04:00  INFO 3780 --- [cliente] [http-nio-8082-exec-3] c.urbano.cliente.service.ClienteService  : Listando clientes
2026-06-26T22:44:12.403-04:00  INFO 3780 --- [cliente] [http-nio-8082-exec-4] c.urbano.cliente.service.ClienteService  : Listando clientes
