2026-06-26T18:50:43.334-04:00  INFO 5268 --- [pago] [main] com.urbano.pago.PagoApplication          : Starting PagoApplication using Java 21.0.11 with PID 5268 (C:\Users\Andrés\Downloads\urbano_evaluacion_parcial3_FINAL\pago\target\classes started by Andrés in C:\Users\Andrés\Downloads\urbano_evaluacion_parcial3_FINAL)
2026-06-26T18:50:43.336-04:00 DEBUG 5268 --- [pago] [main] com.urbano.pago.PagoApplication          : Running with Spring Boot v3.4.5, Spring v6.2.6
2026-06-26T18:50:43.337-04:00  INFO 5268 --- [pago] [main] com.urbano.pago.PagoApplication          : The following 1 profile is active: "dev"
2026-06-26T18:50:44.561-04:00  INFO 5268 --- [pago] [main] .s.d.r.c.RepositoryConfigurationDelegate : Bootstrapping Spring Data JPA repositories in DEFAULT mode.
2026-06-26T18:50:44.790-04:00  INFO 5268 --- [pago] [main] .s.d.r.c.RepositoryConfigurationDelegate : Finished Spring Data repository scanning in 216 ms. Found 1 JPA repository interface.
2026-06-26T18:50:45.547-04:00  INFO 5268 --- [pago] [main] o.s.b.w.embedded.tomcat.TomcatWebServer  : Tomcat initialized with port 8089 (http)
2026-06-26T18:50:45.569-04:00  INFO 5268 --- [pago] [main] o.apache.catalina.core.StandardService   : Starting service [Tomcat]
2026-06-26T18:50:45.569-04:00  INFO 5268 --- [pago] [main] o.apache.catalina.core.StandardEngine    : Starting Servlet engine: [Apache Tomcat/10.1.40]
2026-06-26T18:50:45.674-04:00  INFO 5268 --- [pago] [main] o.a.c.c.C.[Tomcat].[localhost].[/]       : Initializing Spring embedded WebApplicationContext
2026-06-26T18:50:45.675-04:00  INFO 5268 --- [pago] [main] w.s.c.ServletWebServerApplicationContext : Root WebApplicationContext: initialization completed in 2275 ms
2026-06-26T18:50:45.937-04:00  INFO 5268 --- [pago] [main] o.hibernate.jpa.internal.util.LogHelper  : HHH000204: Processing PersistenceUnitInfo [name: default]
2026-06-26T18:50:46.021-04:00  INFO 5268 --- [pago] [main] org.hibernate.Version                    : HHH000412: Hibernate ORM core version 6.6.13.Final
2026-06-26T18:50:46.064-04:00  INFO 5268 --- [pago] [main] o.h.c.internal.RegionFactoryInitiator    : HHH000026: Second-level cache disabled
2026-06-26T18:50:46.353-04:00  INFO 5268 --- [pago] [main] o.s.o.j.p.SpringPersistenceUnitInfo      : No LoadTimeWeaver setup: ignoring JPA class transformer
2026-06-26T18:50:46.381-04:00  INFO 5268 --- [pago] [main] com.zaxxer.hikari.HikariDataSource       : HikariPool-1 - Starting...
2026-06-26T18:50:46.718-04:00  INFO 5268 --- [pago] [main] com.zaxxer.hikari.pool.HikariPool        : HikariPool-1 - Added connection com.mysql.cj.jdbc.ConnectionImpl@54b2d002
2026-06-26T18:50:46.720-04:00  INFO 5268 --- [pago] [main] com.zaxxer.hikari.HikariDataSource       : HikariPool-1 - Start completed.
2026-06-26T18:50:46.767-04:00  WARN 5268 --- [pago] [main] org.hibernate.orm.deprecation            : HHH90000025: MySQL8Dialect does not need to be specified explicitly using 'hibernate.dialect' (remove the property setting and it will be selected by default)
2026-06-26T18:50:46.768-04:00  WARN 5268 --- [pago] [main] org.hibernate.orm.deprecation            : HHH90000026: MySQL8Dialect has been deprecated; use org.hibernate.dialect.MySQLDialect instead
2026-06-26T18:50:46.784-04:00  INFO 5268 --- [pago] [main] org.hibernate.orm.connections.pooling    : HHH10001005: Database info:
	Database JDBC URL [Connecting through datasource 'HikariDataSource (HikariPool-1)']
	Database driver: undefined/unknown
	Database version: 8.0
	Autocommit mode: undefined/unknown
	Isolation level: undefined/unknown
	Minimum pool size: undefined/unknown
	Maximum pool size: undefined/unknown
2026-06-26T18:50:47.689-04:00  INFO 5268 --- [pago] [main] o.h.e.t.j.p.i.JtaPlatformInitiator       : HHH000489: No JTA platform available (set 'hibernate.transaction.jta.platform' to enable JTA platform integration)
2026-06-26T18:50:47.737-04:00  INFO 5268 --- [pago] [main] j.LocalContainerEntityManagerFactoryBean : Initialized JPA EntityManagerFactory for persistence unit 'default'
2026-06-26T18:50:48.384-04:00  WARN 5268 --- [pago] [main] JpaBaseConfiguration$JpaWebConfiguration : spring.jpa.open-in-view is enabled by default. Therefore, database queries may be performed during view rendering. Explicitly configure spring.jpa.open-in-view to disable this warning
2026-06-26T18:50:48.837-04:00  INFO 5268 --- [pago] [main] o.s.b.w.embedded.tomcat.TomcatWebServer  : Tomcat started on port 8089 (http) with context path '/'
2026-06-26T18:50:48.845-04:00  INFO 5268 --- [pago] [main] com.urbano.pago.PagoApplication          : Started PagoApplication in 6.341 seconds (process running for 7.382)
