2026-06-26T18:48:27.769-04:00  INFO 7892 --- [producto] [main] c.urbano.producto.ProductoApplication    : Starting ProductoApplication using Java 21.0.11 with PID 7892 (C:\Users\Andrés\Downloads\urbano_evaluacion_parcial3_FINAL\producto\target\classes started by Andrés in C:\Users\Andrés\Downloads\urbano_evaluacion_parcial3_FINAL)
2026-06-26T18:48:27.772-04:00 DEBUG 7892 --- [producto] [main] c.urbano.producto.ProductoApplication    : Running with Spring Boot v3.4.5, Spring v6.2.6
2026-06-26T18:48:27.773-04:00  INFO 7892 --- [producto] [main] c.urbano.producto.ProductoApplication    : The following 1 profile is active: "dev"
2026-06-26T18:48:29.011-04:00  INFO 7892 --- [producto] [main] .s.d.r.c.RepositoryConfigurationDelegate : Bootstrapping Spring Data JPA repositories in DEFAULT mode.
2026-06-26T18:48:29.213-04:00  INFO 7892 --- [producto] [main] .s.d.r.c.RepositoryConfigurationDelegate : Finished Spring Data repository scanning in 187 ms. Found 2 JPA repository interfaces.
2026-06-26T18:48:30.020-04:00  INFO 7892 --- [producto] [main] o.s.b.w.embedded.tomcat.TomcatWebServer  : Tomcat initialized with port 8084 (http)
2026-06-26T18:48:30.043-04:00  INFO 7892 --- [producto] [main] o.apache.catalina.core.StandardService   : Starting service [Tomcat]
2026-06-26T18:48:30.043-04:00  INFO 7892 --- [producto] [main] o.apache.catalina.core.StandardEngine    : Starting Servlet engine: [Apache Tomcat/10.1.40]
2026-06-26T18:48:30.152-04:00  INFO 7892 --- [producto] [main] o.a.c.c.C.[Tomcat].[localhost].[/]       : Initializing Spring embedded WebApplicationContext
2026-06-26T18:48:30.153-04:00  INFO 7892 --- [producto] [main] w.s.c.ServletWebServerApplicationContext : Root WebApplicationContext: initialization completed in 2322 ms
2026-06-26T18:48:30.333-04:00  INFO 7892 --- [producto] [main] o.hibernate.jpa.internal.util.LogHelper  : HHH000204: Processing PersistenceUnitInfo [name: default]
2026-06-26T18:48:30.390-04:00  INFO 7892 --- [producto] [main] org.hibernate.Version                    : HHH000412: Hibernate ORM core version 6.6.13.Final
2026-06-26T18:48:30.426-04:00  INFO 7892 --- [producto] [main] o.h.c.internal.RegionFactoryInitiator    : HHH000026: Second-level cache disabled
2026-06-26T18:48:30.723-04:00  INFO 7892 --- [producto] [main] o.s.o.j.p.SpringPersistenceUnitInfo      : No LoadTimeWeaver setup: ignoring JPA class transformer
2026-06-26T18:48:30.752-04:00  INFO 7892 --- [producto] [main] com.zaxxer.hikari.HikariDataSource       : HikariPool-1 - Starting...
2026-06-26T18:48:31.084-04:00  INFO 7892 --- [producto] [main] com.zaxxer.hikari.pool.HikariPool        : HikariPool-1 - Added connection com.mysql.cj.jdbc.ConnectionImpl@53e82089
2026-06-26T18:48:31.086-04:00  INFO 7892 --- [producto] [main] com.zaxxer.hikari.HikariDataSource       : HikariPool-1 - Start completed.
2026-06-26T18:48:31.133-04:00  WARN 7892 --- [producto] [main] org.hibernate.orm.deprecation            : HHH90000025: MySQL8Dialect does not need to be specified explicitly using 'hibernate.dialect' (remove the property setting and it will be selected by default)
2026-06-26T18:48:31.135-04:00  WARN 7892 --- [producto] [main] org.hibernate.orm.deprecation            : HHH90000026: MySQL8Dialect has been deprecated; use org.hibernate.dialect.MySQLDialect instead
2026-06-26T18:48:31.152-04:00  INFO 7892 --- [producto] [main] org.hibernate.orm.connections.pooling    : HHH10001005: Database info:
	Database JDBC URL [Connecting through datasource 'HikariDataSource (HikariPool-1)']
	Database driver: undefined/unknown
	Database version: 8.0
	Autocommit mode: undefined/unknown
	Isolation level: undefined/unknown
	Minimum pool size: undefined/unknown
	Maximum pool size: undefined/unknown
2026-06-26T18:48:32.143-04:00  INFO 7892 --- [producto] [main] o.h.e.t.j.p.i.JtaPlatformInitiator       : HHH000489: No JTA platform available (set 'hibernate.transaction.jta.platform' to enable JTA platform integration)
2026-06-26T18:48:32.216-04:00  INFO 7892 --- [producto] [main] j.LocalContainerEntityManagerFactoryBean : Initialized JPA EntityManagerFactory for persistence unit 'default'
2026-06-26T18:48:32.747-04:00  WARN 7892 --- [producto] [main] JpaBaseConfiguration$JpaWebConfiguration : spring.jpa.open-in-view is enabled by default. Therefore, database queries may be performed during view rendering. Explicitly configure spring.jpa.open-in-view to disable this warning
2026-06-26T18:48:33.410-04:00  INFO 7892 --- [producto] [main] o.s.b.w.embedded.tomcat.TomcatWebServer  : Tomcat started on port 8084 (http) with context path '/'
2026-06-26T18:48:33.420-04:00  INFO 7892 --- [producto] [main] c.urbano.producto.ProductoApplication    : Started ProductoApplication in 6.447 seconds (process running for 7.638)
2026-06-26T18:53:23.624-04:00  INFO 7892 --- [producto] [http-nio-8084-exec-2] o.a.c.c.C.[Tomcat].[localhost].[/]       : Initializing Spring DispatcherServlet 'dispatcherServlet'
2026-06-26T18:53:23.653-04:00  INFO 7892 --- [producto] [http-nio-8084-exec-2] o.s.web.servlet.DispatcherServlet        : Initializing Servlet 'dispatcherServlet'
2026-06-26T18:53:23.663-04:00  INFO 7892 --- [producto] [http-nio-8084-exec-2] o.s.web.servlet.DispatcherServlet        : Completed initialization in 6 ms
2026-06-26T18:53:29.072-04:00  INFO 7892 --- [producto] [http-nio-8084-exec-4] o.springdoc.api.AbstractOpenApiResource  : Init duration for springdoc-openapi is: 584 ms
2026-06-26T18:54:39.819-04:00  INFO 7892 --- [producto] [http-nio-8084-exec-8] c.u.producto.service.ProductoService     : Listando productos activos
2026-06-26T19:01:50.465-04:00  INFO 7892 --- [producto] [http-nio-8084-exec-1] c.u.producto.service.ProductoService     : Creando producto sku: URB-001
2026-06-26T19:34:35.868-04:00  INFO 7892 --- [producto] [http-nio-8084-exec-1] c.u.producto.service.ProductoService     : Listando productos activos
2026-06-26T19:46:11.164-04:00  INFO 7892 --- [producto] [http-nio-8084-exec-4] c.u.producto.service.ProductoService     : Creando producto sku: 8090221
2026-06-26T19:46:39.846-04:00  INFO 7892 --- [producto] [http-nio-8084-exec-5] c.u.producto.service.ProductoService     : Listando productos activos
2026-06-26T21:56:08.246-04:00  INFO 7892 --- [producto] [http-nio-8084-exec-5] c.u.producto.service.ProductoService     : Listando productos activos
2026-06-26T22:12:58.677-04:00  INFO 7892 --- [producto] [http-nio-8084-exec-7] c.u.producto.service.ProductoService     : Listando productos activos
2026-06-26T22:17:41.463-04:00  INFO 7892 --- [producto] [http-nio-8084-exec-6] c.u.producto.service.ProductoService     : Listando productos activos
2026-06-26T22:26:13.401-04:00  INFO 7892 --- [producto] [http-nio-8084-exec-2] c.u.producto.service.ProductoService     : Listando productos activos
2026-06-26T22:43:49.593-04:00  INFO 7892 --- [producto] [http-nio-8084-exec-4] c.u.producto.service.ProductoService     : Listando productos activos
2026-06-26T22:44:31.897-04:00  INFO 7892 --- [producto] [http-nio-8084-exec-5] c.u.producto.service.ProductoService     : Listando productos activos
