2026-06-26T18:52:15.051-04:00  INFO 8672 --- [facturacion] [main] c.u.facturacion.FacturacionApplication   : Starting FacturacionApplication using Java 21.0.11 with PID 8672 (C:\Users\Andrés\Downloads\urbano_evaluacion_parcial3_FINAL\facturacion\target\classes started by Andrés in C:\Users\Andrés\Downloads\urbano_evaluacion_parcial3_FINAL)
2026-06-26T18:52:15.055-04:00 DEBUG 8672 --- [facturacion] [main] c.u.facturacion.FacturacionApplication   : Running with Spring Boot v3.4.5, Spring v6.2.6
2026-06-26T18:52:15.056-04:00  INFO 8672 --- [facturacion] [main] c.u.facturacion.FacturacionApplication   : The following 1 profile is active: "dev"
2026-06-26T18:52:16.358-04:00  INFO 8672 --- [facturacion] [main] .s.d.r.c.RepositoryConfigurationDelegate : Bootstrapping Spring Data JPA repositories in DEFAULT mode.
2026-06-26T18:52:16.601-04:00  INFO 8672 --- [facturacion] [main] .s.d.r.c.RepositoryConfigurationDelegate : Finished Spring Data repository scanning in 228 ms. Found 1 JPA repository interface.
2026-06-26T18:52:17.390-04:00  INFO 8672 --- [facturacion] [main] o.s.b.w.embedded.tomcat.TomcatWebServer  : Tomcat initialized with port 8093 (http)
2026-06-26T18:52:17.420-04:00  INFO 8672 --- [facturacion] [main] o.apache.catalina.core.StandardService   : Starting service [Tomcat]
2026-06-26T18:52:17.420-04:00  INFO 8672 --- [facturacion] [main] o.apache.catalina.core.StandardEngine    : Starting Servlet engine: [Apache Tomcat/10.1.40]
2026-06-26T18:52:17.516-04:00  INFO 8672 --- [facturacion] [main] o.a.c.c.C.[Tomcat].[localhost].[/]       : Initializing Spring embedded WebApplicationContext
2026-06-26T18:52:17.516-04:00  INFO 8672 --- [facturacion] [main] w.s.c.ServletWebServerApplicationContext : Root WebApplicationContext: initialization completed in 2397 ms
2026-06-26T18:52:17.751-04:00  INFO 8672 --- [facturacion] [main] o.hibernate.jpa.internal.util.LogHelper  : HHH000204: Processing PersistenceUnitInfo [name: default]
2026-06-26T18:52:17.814-04:00  INFO 8672 --- [facturacion] [main] org.hibernate.Version                    : HHH000412: Hibernate ORM core version 6.6.13.Final
2026-06-26T18:52:17.855-04:00  INFO 8672 --- [facturacion] [main] o.h.c.internal.RegionFactoryInitiator    : HHH000026: Second-level cache disabled
2026-06-26T18:52:18.150-04:00  INFO 8672 --- [facturacion] [main] o.s.o.j.p.SpringPersistenceUnitInfo      : No LoadTimeWeaver setup: ignoring JPA class transformer
2026-06-26T18:52:18.179-04:00  INFO 8672 --- [facturacion] [main] com.zaxxer.hikari.HikariDataSource       : HikariPool-1 - Starting...
2026-06-26T18:52:18.528-04:00  INFO 8672 --- [facturacion] [main] com.zaxxer.hikari.pool.HikariPool        : HikariPool-1 - Added connection com.mysql.cj.jdbc.ConnectionImpl@3909a854
2026-06-26T18:52:18.530-04:00  INFO 8672 --- [facturacion] [main] com.zaxxer.hikari.HikariDataSource       : HikariPool-1 - Start completed.
2026-06-26T18:52:18.576-04:00  WARN 8672 --- [facturacion] [main] org.hibernate.orm.deprecation            : HHH90000025: MySQL8Dialect does not need to be specified explicitly using 'hibernate.dialect' (remove the property setting and it will be selected by default)
2026-06-26T18:52:18.578-04:00  WARN 8672 --- [facturacion] [main] org.hibernate.orm.deprecation            : HHH90000026: MySQL8Dialect has been deprecated; use org.hibernate.dialect.MySQLDialect instead
2026-06-26T18:52:18.594-04:00  INFO 8672 --- [facturacion] [main] org.hibernate.orm.connections.pooling    : HHH10001005: Database info:
	Database JDBC URL [Connecting through datasource 'HikariDataSource (HikariPool-1)']
	Database driver: undefined/unknown
	Database version: 8.0
	Autocommit mode: undefined/unknown
	Isolation level: undefined/unknown
	Minimum pool size: undefined/unknown
	Maximum pool size: undefined/unknown
2026-06-26T18:52:19.620-04:00  INFO 8672 --- [facturacion] [main] o.h.e.t.j.p.i.JtaPlatformInitiator       : HHH000489: No JTA platform available (set 'hibernate.transaction.jta.platform' to enable JTA platform integration)
2026-06-26T18:52:19.671-04:00  INFO 8672 --- [facturacion] [main] j.LocalContainerEntityManagerFactoryBean : Initialized JPA EntityManagerFactory for persistence unit 'default'
2026-06-26T18:52:20.133-04:00  WARN 8672 --- [facturacion] [main] JpaBaseConfiguration$JpaWebConfiguration : spring.jpa.open-in-view is enabled by default. Therefore, database queries may be performed during view rendering. Explicitly configure spring.jpa.open-in-view to disable this warning
2026-06-26T18:52:20.685-04:00  INFO 8672 --- [facturacion] [main] o.s.b.w.embedded.tomcat.TomcatWebServer  : Tomcat started on port 8093 (http) with context path '/'
2026-06-26T18:52:20.708-04:00  INFO 8672 --- [facturacion] [main] c.u.facturacion.FacturacionApplication   : Started FacturacionApplication in 6.385 seconds (process running for 7.75)
