2026-06-26T18:51:36.953-04:00  INFO 12396 --- [despacho] [main] c.urbano.despacho.DespachoApplication    : Starting DespachoApplication using Java 21.0.11 with PID 12396 (C:\Users\Andrés\Downloads\urbano_evaluacion_parcial3_FINAL\despacho\target\classes started by Andrés in C:\Users\Andrés\Downloads\urbano_evaluacion_parcial3_FINAL)
2026-06-26T18:51:36.955-04:00 DEBUG 12396 --- [despacho] [main] c.urbano.despacho.DespachoApplication    : Running with Spring Boot v3.4.5, Spring v6.2.6
2026-06-26T18:51:36.957-04:00  INFO 12396 --- [despacho] [main] c.urbano.despacho.DespachoApplication    : The following 1 profile is active: "dev"
2026-06-26T18:51:38.319-04:00  INFO 12396 --- [despacho] [main] .s.d.r.c.RepositoryConfigurationDelegate : Bootstrapping Spring Data JPA repositories in DEFAULT mode.
2026-06-26T18:51:38.568-04:00  INFO 12396 --- [despacho] [main] .s.d.r.c.RepositoryConfigurationDelegate : Finished Spring Data repository scanning in 226 ms. Found 1 JPA repository interface.
2026-06-26T18:51:39.409-04:00  INFO 12396 --- [despacho] [main] o.s.b.w.embedded.tomcat.TomcatWebServer  : Tomcat initialized with port 8091 (http)
2026-06-26T18:51:39.425-04:00  INFO 12396 --- [despacho] [main] o.apache.catalina.core.StandardService   : Starting service [Tomcat]
2026-06-26T18:51:39.425-04:00  INFO 12396 --- [despacho] [main] o.apache.catalina.core.StandardEngine    : Starting Servlet engine: [Apache Tomcat/10.1.40]
2026-06-26T18:51:39.510-04:00  INFO 12396 --- [despacho] [main] o.a.c.c.C.[Tomcat].[localhost].[/]       : Initializing Spring embedded WebApplicationContext
2026-06-26T18:51:39.510-04:00  INFO 12396 --- [despacho] [main] w.s.c.ServletWebServerApplicationContext : Root WebApplicationContext: initialization completed in 2455 ms
2026-06-26T18:51:39.681-04:00  INFO 12396 --- [despacho] [main] o.hibernate.jpa.internal.util.LogHelper  : HHH000204: Processing PersistenceUnitInfo [name: default]
2026-06-26T18:51:39.776-04:00  INFO 12396 --- [despacho] [main] org.hibernate.Version                    : HHH000412: Hibernate ORM core version 6.6.13.Final
2026-06-26T18:51:39.817-04:00  INFO 12396 --- [despacho] [main] o.h.c.internal.RegionFactoryInitiator    : HHH000026: Second-level cache disabled
2026-06-26T18:51:40.186-04:00  INFO 12396 --- [despacho] [main] o.s.o.j.p.SpringPersistenceUnitInfo      : No LoadTimeWeaver setup: ignoring JPA class transformer
2026-06-26T18:51:40.221-04:00  INFO 12396 --- [despacho] [main] com.zaxxer.hikari.HikariDataSource       : HikariPool-1 - Starting...
2026-06-26T18:51:40.800-04:00  INFO 12396 --- [despacho] [main] com.zaxxer.hikari.pool.HikariPool        : HikariPool-1 - Added connection com.mysql.cj.jdbc.ConnectionImpl@66a8751a
2026-06-26T18:51:40.803-04:00  INFO 12396 --- [despacho] [main] com.zaxxer.hikari.HikariDataSource       : HikariPool-1 - Start completed.
2026-06-26T18:51:40.898-04:00  WARN 12396 --- [despacho] [main] org.hibernate.orm.deprecation            : HHH90000025: MySQL8Dialect does not need to be specified explicitly using 'hibernate.dialect' (remove the property setting and it will be selected by default)
2026-06-26T18:51:40.899-04:00  WARN 12396 --- [despacho] [main] org.hibernate.orm.deprecation            : HHH90000026: MySQL8Dialect has been deprecated; use org.hibernate.dialect.MySQLDialect instead
2026-06-26T18:51:40.940-04:00  INFO 12396 --- [despacho] [main] org.hibernate.orm.connections.pooling    : HHH10001005: Database info:
	Database JDBC URL [Connecting through datasource 'HikariDataSource (HikariPool-1)']
	Database driver: undefined/unknown
	Database version: 8.0
	Autocommit mode: undefined/unknown
	Isolation level: undefined/unknown
	Minimum pool size: undefined/unknown
	Maximum pool size: undefined/unknown
2026-06-26T18:51:42.044-04:00  INFO 12396 --- [despacho] [main] o.h.e.t.j.p.i.JtaPlatformInitiator       : HHH000489: No JTA platform available (set 'hibernate.transaction.jta.platform' to enable JTA platform integration)
2026-06-26T18:51:42.098-04:00  INFO 12396 --- [despacho] [main] j.LocalContainerEntityManagerFactoryBean : Initialized JPA EntityManagerFactory for persistence unit 'default'
2026-06-26T18:51:42.805-04:00  WARN 12396 --- [despacho] [main] JpaBaseConfiguration$JpaWebConfiguration : spring.jpa.open-in-view is enabled by default. Therefore, database queries may be performed during view rendering. Explicitly configure spring.jpa.open-in-view to disable this warning
2026-06-26T18:51:43.273-04:00  INFO 12396 --- [despacho] [main] o.s.b.w.embedded.tomcat.TomcatWebServer  : Tomcat started on port 8091 (http) with context path '/'
2026-06-26T18:51:43.285-04:00  INFO 12396 --- [despacho] [main] c.urbano.despacho.DespachoApplication    : Started DespachoApplication in 7.077 seconds (process running for 8.64)
