2026-06-26T18:48:56.399-04:00  INFO 8000 --- [inventario] [main] c.u.inventario.InventarioApplication     : Starting InventarioApplication using Java 21.0.11 with PID 8000 (C:\Users\Andrés\Downloads\urbano_evaluacion_parcial3_FINAL\inventario\target\classes started by Andrés in C:\Users\Andrés\Downloads\urbano_evaluacion_parcial3_FINAL)
2026-06-26T18:48:56.401-04:00 DEBUG 8000 --- [inventario] [main] c.u.inventario.InventarioApplication     : Running with Spring Boot v3.4.5, Spring v6.2.6
2026-06-26T18:48:56.402-04:00  INFO 8000 --- [inventario] [main] c.u.inventario.InventarioApplication     : The following 1 profile is active: "dev"
2026-06-26T18:48:57.632-04:00  INFO 8000 --- [inventario] [main] .s.d.r.c.RepositoryConfigurationDelegate : Bootstrapping Spring Data JPA repositories in DEFAULT mode.
2026-06-26T18:48:57.863-04:00  INFO 8000 --- [inventario] [main] .s.d.r.c.RepositoryConfigurationDelegate : Finished Spring Data repository scanning in 217 ms. Found 1 JPA repository interface.
2026-06-26T18:48:58.611-04:00  INFO 8000 --- [inventario] [main] o.s.b.w.embedded.tomcat.TomcatWebServer  : Tomcat initialized with port 8085 (http)
2026-06-26T18:48:58.633-04:00  INFO 8000 --- [inventario] [main] o.apache.catalina.core.StandardService   : Starting service [Tomcat]
2026-06-26T18:48:58.633-04:00  INFO 8000 --- [inventario] [main] o.apache.catalina.core.StandardEngine    : Starting Servlet engine: [Apache Tomcat/10.1.40]
2026-06-26T18:48:58.727-04:00  INFO 8000 --- [inventario] [main] o.a.c.c.C.[Tomcat].[localhost].[/]       : Initializing Spring embedded WebApplicationContext
2026-06-26T18:48:58.728-04:00  INFO 8000 --- [inventario] [main] w.s.c.ServletWebServerApplicationContext : Root WebApplicationContext: initialization completed in 2269 ms
2026-06-26T18:48:58.899-04:00  INFO 8000 --- [inventario] [main] o.hibernate.jpa.internal.util.LogHelper  : HHH000204: Processing PersistenceUnitInfo [name: default]
2026-06-26T18:48:58.960-04:00  INFO 8000 --- [inventario] [main] org.hibernate.Version                    : HHH000412: Hibernate ORM core version 6.6.13.Final
2026-06-26T18:48:58.997-04:00  INFO 8000 --- [inventario] [main] o.h.c.internal.RegionFactoryInitiator    : HHH000026: Second-level cache disabled
2026-06-26T18:48:59.284-04:00  INFO 8000 --- [inventario] [main] o.s.o.j.p.SpringPersistenceUnitInfo      : No LoadTimeWeaver setup: ignoring JPA class transformer
2026-06-26T18:48:59.314-04:00  INFO 8000 --- [inventario] [main] com.zaxxer.hikari.HikariDataSource       : HikariPool-1 - Starting...
2026-06-26T18:48:59.646-04:00  INFO 8000 --- [inventario] [main] com.zaxxer.hikari.pool.HikariPool        : HikariPool-1 - Added connection com.mysql.cj.jdbc.ConnectionImpl@55f6f965
2026-06-26T18:48:59.648-04:00  INFO 8000 --- [inventario] [main] com.zaxxer.hikari.HikariDataSource       : HikariPool-1 - Start completed.
2026-06-26T18:48:59.705-04:00  WARN 8000 --- [inventario] [main] org.hibernate.orm.deprecation            : HHH90000025: MySQL8Dialect does not need to be specified explicitly using 'hibernate.dialect' (remove the property setting and it will be selected by default)
2026-06-26T18:48:59.706-04:00  WARN 8000 --- [inventario] [main] org.hibernate.orm.deprecation            : HHH90000026: MySQL8Dialect has been deprecated; use org.hibernate.dialect.MySQLDialect instead
2026-06-26T18:48:59.725-04:00  INFO 8000 --- [inventario] [main] org.hibernate.orm.connections.pooling    : HHH10001005: Database info:
	Database JDBC URL [Connecting through datasource 'HikariDataSource (HikariPool-1)']
	Database driver: undefined/unknown
	Database version: 8.0
	Autocommit mode: undefined/unknown
	Isolation level: undefined/unknown
	Minimum pool size: undefined/unknown
	Maximum pool size: undefined/unknown
2026-06-26T18:49:00.730-04:00  INFO 8000 --- [inventario] [main] o.h.e.t.j.p.i.JtaPlatformInitiator       : HHH000489: No JTA platform available (set 'hibernate.transaction.jta.platform' to enable JTA platform integration)
2026-06-26T18:49:00.783-04:00  INFO 8000 --- [inventario] [main] j.LocalContainerEntityManagerFactoryBean : Initialized JPA EntityManagerFactory for persistence unit 'default'
2026-06-26T18:49:01.256-04:00  WARN 8000 --- [inventario] [main] JpaBaseConfiguration$JpaWebConfiguration : spring.jpa.open-in-view is enabled by default. Therefore, database queries may be performed during view rendering. Explicitly configure spring.jpa.open-in-view to disable this warning
2026-06-26T18:49:01.827-04:00  INFO 8000 --- [inventario] [main] o.s.b.w.embedded.tomcat.TomcatWebServer  : Tomcat started on port 8085 (http) with context path '/'
2026-06-26T18:49:01.835-04:00  INFO 8000 --- [inventario] [main] c.u.inventario.InventarioApplication     : Started InventarioApplication in 6.177 seconds (process running for 7.314)
2026-06-26T22:25:44.716-04:00  INFO 8000 --- [inventario] [http-nio-8085-exec-1] o.a.c.c.C.[Tomcat].[localhost].[/]       : Initializing Spring DispatcherServlet 'dispatcherServlet'
2026-06-26T22:25:44.755-04:00  INFO 8000 --- [inventario] [http-nio-8085-exec-1] o.s.web.servlet.DispatcherServlet        : Initializing Servlet 'dispatcherServlet'
2026-06-26T22:25:44.971-04:00  INFO 8000 --- [inventario] [http-nio-8085-exec-1] o.s.web.servlet.DispatcherServlet        : Completed initialization in 195 ms
